<component name="libraryTable">
  <library name="junit">
    <CLASSES>
      <root url="jar://D:/Учеба/Learning.JSE.JEE.16/Soft/Java Lib/junit/hamcrest-core-1.3.jar!/" />
      <root url="jar://D:/Учеба/Learning.JSE.JEE.16/Soft/Java Lib/junit/junit-4.12.jar!/" />
      <root url="file://D:/Учеба/Learning.JSE.JEE.16/Soft/Java Lib/junit" />
    </CLASSES>
    <JAVADOC />
    <SOURCES />
    <jarDirectory url="file://D:/Учеба/Learning.JSE.JEE.16/Soft/Java Lib/junit" recursive="false" />
  </library>
</component>